number,value,datetime_start,datetime_complete,duration,params_BOMB_USEFUL,params_BOMB_WASTEFUL,params_CRATE,params_MOVED_TO_SAFETY,user_attrs_death_rate,user_attrs_n_episodes,system_attrs_tpe:relative_params:0,state
0,17.89429995477174,2026-09-23 17:24:26.545678,2026-09-23 17:36:29.410552,0 days 00:12:02.864874,0.4327500072434707,-0.4250919762305275,0.07190609389379257,0.26959818254342155,0.0,150,,COMPLETE
1,14.447719344525284,2026-09-23 17:36:29.412584,2026-09-23 17:47:54.235167,0 days 00:11:24.822583,0.15459808211767093,-0.4687962719115127,0.09063233020424546,0.06742508365045984,0.0,150,,COMPLETE
2,14.65282980936125,2026-09-23 17:47:54.237178,2026-09-23 17:59:17.874746,0 days 00:11:23.637568,0.3478254022286159,-0.37977699765135825,0.09789368965133961,0.05617534828874074,0.0,150,,COMPLETE
3,12.364798160189068,2026-09-23 17:59:17.878767,2026-09-23 18:11:07.427726,0 days 00:11:49.548959,0.17431868873739664,-0.33351147183991564,0.042838315689740364,0.10454749016213019,0.0,150,,COMPLETE
4,14.256646331972515,2026-09-23 18:11:07.431705,2026-09-23 18:22:41.726477,0 days 00:11:34.294772,0.28366475107128325,-0.4391515514080925,0.050386039813862936,0.17958350559263475,0.0,150,,COMPLETE
5,21.40834064738796,2026-09-23 18:22:41.737200,2026-09-23 18:33:45.266485,0 days 00:11:03.529285,0.14882285122821465,-0.3776294210555241,0.055645329030558424,0.13764339456056546,0.0,150,,COMPLETE
6,17.25352105493107,2026-09-23 18:33:45.266485,2026-09-23 18:44:43.249940,0 days 00:10:57.983455,0.37481158648755475,-0.4087860031565928,0.06599641068895282,0.10990213464750792,0.0,150,,COMPLETE
7,25.189177839212956,2026-09-23 18:44:43.253909,2026-09-23 18:55:43.279971,0 days 00:11:00.026062,0.11625764445199921,-0.3815170862275915,0.041936688658110406,0.2322634555704315,0.0,150,,COMPLETE
8,21.204172609096346,2026-09-23 18:55:43.279971,2026-09-23 19:06:50.704735,0 days 00:11:07.424764,0.4321099380386666,-0.4869896814029441,0.08658781436815229,0.3396896099223678,0.0,150,,COMPLETE
9,13.923259182632172,2026-09-23 19:06:50.704735,2026-09-23 19:17:52.432002,0 days 00:11:01.727267,0.13418523990223435,-0.43907724616532584,0.060810674561772096,0.25526990795364707,0.0,150,,COMPLETE
10,19.094281609244945,2026-09-23 19:17:52.441123,2026-09-23 19:28:52.802517,0 days 00:11:00.361394,0.11402557822871354,-0.3222182803570366,0.034620464741440905,0.2456022629155914,0.0,150,"{""BOMB_USEFUL"": 0.11402557822871354, ""BOMB_WASTEFUL"": -0.3222182803570366, ""CRATE"": 0.034620464741440905, ""MOVED_TO_SAFETY"": 0.2456022629155914}",COMPLETE
11,21.586399780380287,2026-09-23 19:28:52.802517,2026-09-23 19:40:01.719277,0 days 00:11:08.916760,0.10912994474551957,-0.3795419298921733,0.0669814311406686,0.19003496710057208,0.0,150,"{""BOMB_USEFUL"": 0.10912994474551957, ""BOMB_WASTEFUL"": -0.3795419298921733, ""CRATE"": 0.0669814311406686, ""MOVED_TO_SAFETY"": 0.19003496710057208}",COMPLETE
12,16.211879489401632,2026-09-23 19:40:01.721291,2026-09-23 19:51:08.595993,0 days 00:11:06.874702,0.1604853327869138,-0.3914388335547327,0.032135924656870964,0.3226519659514262,0.0,150,"{""BOMB_USEFUL"": 0.1604853327869138, ""BOMB_WASTEFUL"": -0.3914388335547327, ""CRATE"": 0.032135924656870964, ""MOVED_TO_SAFETY"": 0.3226519659514262}",COMPLETE
13,17.218844345159653,2026-09-23 19:51:08.595993,2026-09-23 20:02:15.768924,0 days 00:11:07.172931,0.21898633172266868,-0.3739105508336249,0.08445470038464122,0.2188071246041876,0.0,150,"{""BOMB_USEFUL"": 0.21898633172266868, ""BOMB_WASTEFUL"": -0.3739105508336249, ""CRATE"": 0.08445470038464122, ""MOVED_TO_SAFETY"": 0.2188071246041876}",COMPLETE
14,25.441001589768227,2026-09-23 20:02:15.770934,2026-09-23 20:13:19.152668,0 days 00:11:03.381734,0.15812659837880488,-0.3487460532347537,0.07269421755642816,0.1255886379136807,0.0,150,"{""BOMB_USEFUL"": 0.15812659837880488, ""BOMB_WASTEFUL"": -0.3487460532347537, ""CRATE"": 0.07269421755642816, ""MOVED_TO_SAFETY"": 0.1255886379136807}",COMPLETE
15,25.64079817609787,2026-09-23 20:13:19.152668,2026-09-23 20:24:23.866585,0 days 00:11:04.713917,0.25023386855002394,-0.4111398523472885,0.041908293756767925,0.3367851169254155,0.0,150,"{""BOMB_USEFUL"": 0.25023386855002394, ""BOMB_WASTEFUL"": -0.4111398523472885, ""CRATE"": 0.041908293756767925, ""MOVED_TO_SAFETY"": 0.3367851169254155}",COMPLETE
16,15.572630243152748,2026-09-23 20:24:23.866585,2026-09-23 20:35:27.478070,0 days 00:11:03.611485,0.12262179026393245,-0.328769576737549,0.07978616850478318,0.1391276660617991,0.0,150,"{""BOMB_USEFUL"": 0.12262179026393245, ""BOMB_WASTEFUL"": -0.328769576737549, ""CRATE"": 0.07978616850478318, ""MOVED_TO_SAFETY"": 0.1391276660617991}",COMPLETE
17,22.211280795283592,2026-09-23 20:35:27.478070,2026-09-23 20:46:33.518110,0 days 00:11:06.040040,0.23253383394720736,-0.408580474635304,0.06433780248229018,0.2984690519661485,0.0,150,"{""BOMB_USEFUL"": 0.23253383394720736, ""BOMB_WASTEFUL"": -0.408580474635304, ""CRATE"": 0.06433780248229018, ""MOVED_TO_SAFETY"": 0.2984690519661485}",COMPLETE
18,22.120773041211937,2026-09-23 20:46:33.519119,2026-09-23 20:57:41.385309,0 days 00:11:07.866190,0.14542509899073944,-0.3087355810189872,0.0592153491373014,0.2983909197518754,0.0,150,"{""BOMB_USEFUL"": 0.14542509899073944, ""BOMB_WASTEFUL"": -0.3087355810189872, ""CRATE"": 0.0592153491373014, ""MOVED_TO_SAFETY"": 0.2983909197518754}",COMPLETE
19,17.562741750221967,2026-09-23 20:57:41.387341,2026-09-23 21:09:19.244535,0 days 00:11:37.857194,0.21902713298577328,-0.32183531487986605,0.07607975989835315,0.33811844378973455,0.0,150,"{""BOMB_USEFUL"": 0.21902713298577328, ""BOMB_WASTEFUL"": -0.32183531487986605, ""CRATE"": 0.07607975989835315, ""MOVED_TO_SAFETY"": 0.33811844378973455}",COMPLETE
