number,value,datetime_start,datetime_complete,duration,params_BOMB_USEFUL,params_BOMB_WASTEFUL,params_CRATE,params_KILL,params_SURVIVE,params_TRAP,user_attrs_death_rate,user_attrs_n_episodes,system_attrs_fixed_params,system_attrs_tpe:relative_params:0,state
0,-1.5177008177008187,2026-09-14 15:53:10.512317,2026-09-14 16:06:34.964120,0 days 00:13:24.451803,0.4183,-0.7828,0.1018,0.6741,0.1988,0.308,0.6,150,"{'BOMB_WASTEFUL': -0.7828, 'BOMB_USEFUL': 0.4183, 'CRATE': 0.1018, 'SURVIVE': 0.1988, 'KILL': 0.6741, 'TRAP': 0.308}",,COMPLETE
1,-2.2111111111111112,2026-09-14 16:06:34.964120,2026-09-14 16:18:28.633308,0 days 00:11:53.669188,0.4327500072434707,-0.6127299405763188,0.19639878836228103,0.4872223685309238,0.17959754525911098,0.16239780813448107,0.64,150,,,COMPLETE
2,-0.9388888888888891,2026-09-14 16:18:28.635318,2026-09-14 16:30:39.420366,0 days 00:12:10.785048,0.40316165102122725,-0.7709581939159003,0.17022300234864177,0.32470139315496294,0.21242177333881365,0.4879639408647978,0.5333333333333333,150,,,COMPLETE
3,-0.9139682728692016,2026-09-14 16:30:39.422373,2026-09-14 16:42:58.523521,0 days 00:12:19.101148,0.17431868873739664,-0.3837786795997892,0.08636499344142012,0.6650906915514452,0.055021352956030146,0.3099025726528951,0.6066666666666667,150,,,COMPLETE
4,1.8374222334203498,2026-09-14 16:42:58.523521,2026-09-14 16:55:33.018258,0 days 00:12:34.494737,0.20193019906931467,-0.5840274906789422,0.17237057894447588,0.6505735782422617,0.04184815819561255,0.2465447373174767,0.58,150,,,COMPLETE
5,2.362430145247483,2026-09-14 16:55:33.032222,2026-09-14 17:07:56.469572,0 days 00:12:23.437350,0.37481158648755475,-0.5719650078914821,0.08993475643167195,1.010897482634451,0.15427033152408348,0.1185801650879991,0.6133333333333333,150,,,COMPLETE
6,0.21287206257794544,2026-09-14 17:07:56.469572,2026-09-14 17:19:58.132901,0 days 00:12:01.663329,0.15968344329055204,-0.49622757404928086,0.06301031859705591,1.4587584396894713,0.28466566117599995,0.4233589392465845,0.6733333333333333,150,,,COMPLETE
7,5.830735103103525,2026-09-14 17:19:58.132901,2026-09-14 17:32:19.964387,0 days 00:12:21.831486,0.13418523990223435,-0.6476931154133148,0.1868466053024314,0.44644588181373457,0.13204574812188039,0.29807076404450805,0.6,150,,,COMPLETE
8,-6.225152625152625,2026-09-14 17:32:19.964387,2026-09-14 17:44:52.572855,0 days 00:12:32.608468,0.41826214072757373,-0.7828057394423908,0.10175599632000339,0.6740532913072932,0.19875668530619459,0.3080272084711243,0.5933333333333334,150,,,COMPLETE
9,0.9047619047619051,2026-09-14 17:44:52.572855,2026-09-14 17:57:12.719428,0 days 00:12:20.146573,0.16469905943393448,-0.5266448603283602,0.24391692555291172,1.427398729877027,0.23253984700833435,0.4579309401710595,0.6,150,,,COMPLETE
10,-3.3666666666666667,2026-09-14 17:57:12.719428,2026-09-14 18:09:28.091376,0 days 00:12:15.371948,0.12979177695558922,-0.6745240109827083,0.12568653111309638,0.38105874641137977,0.10115771860532839,0.39235343034119396,0.6666666666666666,150,,"{""BOMB_USEFUL"": 0.12979177695558922, ""BOMB_WASTEFUL"": -0.6745240109827083, ""CRATE"": 0.12568653111309638, ""KILL"": 0.38105874641137977, ""SURVIVE"": 0.10115771860532839, ""TRAP"": 0.39235343034119396}",COMPLETE
11,-4.047979797979798,2026-09-14 18:09:28.094847,2026-09-14 19:32:12.940673,0 days 01:22:44.845826,0.3626918703385618,-0.5244740694727678,0.07177308795136089,0.9131115615138676,0.14269857394503865,0.11088508727695666,0.5866666666666667,150,,"{""BOMB_USEFUL"": 0.3626918703385618, ""BOMB_WASTEFUL"": -0.5244740694727678, ""CRATE"": 0.07177308795136089, ""KILL"": 0.9131115615138676, ""SURVIVE"": 0.14269857394503865, ""TRAP"": 0.11088508727695666}",COMPLETE
12,-2.372222222222222,2026-09-14 19:32:12.940673,2026-09-14 19:44:56.895340,0 days 00:12:43.954667,0.3082446660545427,-0.484053497866628,0.08913414223955897,1.2228376028672137,0.14419869581562356,0.3110525877126514,0.5733333333333334,150,,"{""BOMB_USEFUL"": 0.3082446660545427, ""BOMB_WASTEFUL"": -0.484053497866628, ""CRATE"": 0.08913414223955897, ""KILL"": 1.2228376028672137, ""SURVIVE"": 0.14419869581562356, ""TRAP"": 0.3110525877126514}",COMPLETE
13,0.9333333333333336,2026-09-14 19:44:56.895340,2026-09-14 19:58:18.602435,0 days 00:13:21.707095,0.3505473988573955,-0.5876214452762285,0.14974392656539562,1.393874900328586,0.13132610528511618,0.1562821604043795,0.5466666666666666,150,,"{""BOMB_USEFUL"": 0.3505473988573955, ""BOMB_WASTEFUL"": -0.5876214452762285, ""CRATE"": 0.14974392656539562, ""KILL"": 1.393874900328586, ""SURVIVE"": 0.13132610528511618, ""TRAP"": 0.1562821604043795}",COMPLETE
14,2.5037998742407144,2026-09-14 19:58:18.602945,2026-09-14 20:11:27.407704,0 days 00:13:08.804759,0.3027769650709969,-0.6241040607884673,0.1705023402091998,0.7550870140450923,0.17972218802063117,0.2832942774519683,0.58,150,,"{""BOMB_USEFUL"": 0.3027769650709969, ""BOMB_WASTEFUL"": -0.6241040607884673, ""CRATE"": 0.1705023402091998, ""KILL"": 0.7550870140450923, ""SURVIVE"": 0.17972218802063117, ""TRAP"": 0.2832942774519683}",COMPLETE
15,2.6166666666666663,2026-09-14 20:11:27.407704,2026-09-14 20:25:15.404251,0 days 00:13:47.996547,0.12441745553369656,-0.6747562934651213,0.22044665792321141,0.5079032543825535,0.15204394858969095,0.35715622108304046,0.52,150,,"{""BOMB_USEFUL"": 0.12441745553369656, ""BOMB_WASTEFUL"": -0.6747562934651213, ""CRATE"": 0.22044665792321141, ""KILL"": 0.5079032543825535, ""SURVIVE"": 0.15204394858969095, ""TRAP"": 0.35715622108304046}",COMPLETE
16,-3.216666666666666,2026-09-14 20:25:15.406261,2026-09-14 20:37:33.566931,0 days 00:12:18.160670,0.17998772259614365,-0.6524723239890835,0.2478619562341594,0.4212216898331864,0.20860937160344947,0.386607492478855,0.6533333333333333,150,,"{""BOMB_USEFUL"": 0.17998772259614365, ""BOMB_WASTEFUL"": -0.6524723239890835, ""CRATE"": 0.2478619562341594, ""KILL"": 0.4212216898331864, ""SURVIVE"": 0.20860937160344947, ""TRAP"": 0.386607492478855}",COMPLETE
17,1.2277777777777779,2026-09-14 20:37:33.566931,2026-09-14 20:49:57.767903,0 days 00:12:24.200972,0.14375145722573177,-0.710111153826963,0.20093677742948324,0.3704506430227966,0.19042638088319114,0.2752509974746784,0.6466666666666666,150,,"{""BOMB_USEFUL"": 0.14375145722573177, ""BOMB_WASTEFUL"": -0.710111153826963, ""CRATE"": 0.20093677742948324, ""KILL"": 0.3704506430227966, ""SURVIVE"": 0.19042638088319114, ""TRAP"": 0.2752509974746784}",COMPLETE
18,-2.515079365079366,2026-09-14 20:49:57.768915,2026-09-14 21:03:15.762280,0 days 00:13:17.993365,0.12451844409434237,-0.5425869287803284,0.24313353213382724,0.5679726233207834,0.13491617762379574,0.31804027770025817,0.6066666666666667,150,,"{""BOMB_USEFUL"": 0.12451844409434237, ""BOMB_WASTEFUL"": -0.5425869287803284, ""CRATE"": 0.24313353213382724, ""KILL"": 0.5679726233207834, ""SURVIVE"": 0.13491617762379574, ""TRAP"": 0.31804027770025817}",COMPLETE
19,-3.2555555555555546,2026-09-14 21:03:15.762280,2026-09-14 21:16:21.364836,0 days 00:13:05.602556,0.1599822805804767,-0.6609472298402024,0.18269856251180866,0.539786494205098,0.10926530398854235,0.2749148730480626,0.6666666666666666,150,,"{""BOMB_USEFUL"": 0.1599822805804767, ""BOMB_WASTEFUL"": -0.6609472298402024, ""CRATE"": 0.18269856251180866, ""KILL"": 0.539786494205098, ""SURVIVE"": 0.10926530398854235, ""TRAP"": 0.2749148730480626}",COMPLETE
