number,value,datetime_start,datetime_complete,duration,params_BOMB_USEFUL,params_BOMB_WASTEFUL,params_CRATE,params_SURVIVE,params_TRAP,user_attrs_death_rate,user_attrs_n_episodes,system_attrs_tpe:relative_params:0,state
0,-2.132395382395382,2026-09-09 18:24:30.862129,2026-09-09 18:32:40.937149,0 days 00:08:10.075020,0.4327500072434707,-0.6127299405763188,0.15175890952605292,0.8789267873576292,0.004808335527963857,0.66,150,,COMPLETE
1,-3.377777777777778,2026-09-09 18:32:40.939150,2026-09-09 18:41:54.460983,0 days 00:09:13.521833,0.12032926425886982,-0.7220027398318987,0.17591170623948835,0.880892009394567,0.01474530640032882,0.5466666666666666,150,,COMPLETE
2,0.08888888888888857,2026-09-09 18:41:54.463022,2026-09-09 18:51:09.901933,0 days 00:09:15.438911,0.43946844825669795,-0.7897077528520988,0.16983967534407593,0.5698712885426209,0.005272849409727812,0.5133333333333333,150,,COMPLETE
3,-4.816666666666666,2026-09-09 18:51:09.903440,2026-09-09 18:59:24.757740,0 days 00:08:14.854300,0.2064847850358382,-0.7082977450732831,0.11445615769380282,0.7455560149136926,0.007242124523564755,0.66,150,,COMPLETE
4,-2.6876984126984125,2026-09-09 18:59:24.758745,2026-09-09 19:07:33.887173,0 days 00:08:09.128428,0.14882285122821465,-0.4940735526388103,0.07258603673633927,0.6930894746349534,0.010209259715906648,0.6133333333333333,150,,COMPLETE
5,-0.9577119777130463,2026-09-09 19:07:33.889187,2026-09-09 19:16:20.343058,0 days 00:08:46.453871,0.1698858237554259,-0.40741201930349324,0.1125621989144501,0.8739316550896339,0.002836107428959959,0.5933333333333334,150,,COMPLETE
6,-6.336111111111112,2026-09-09 19:16:20.344062,2026-09-09 19:24:23.875668,0 days 00:08:03.531606,0.15968344329055204,-0.49622757404928086,0.031709286737350316,1.1591084298026666,0.019381376595342073,0.6666666666666666,150,,COMPLETE
7,3.4550787991964462,2026-09-09 19:24:23.876670,2026-09-09 19:32:25.961189,0 days 00:08:02.084519,0.20661481921067976,-0.3958013259417695,0.037580980521149096,0.9473864212097255,0.009922744887312825,0.6266666666666667,150,,COMPLETE
8,-1.6603174603174597,2026-09-09 19:32:25.965204,2026-09-09 19:40:31.573763,0 days 00:08:05.608559,0.27331191853894454,-0.7389808825776106,0.026189933800739314,1.1274563216630256,0.006658039668800305,0.5066666666666667,150,,COMPLETE
9,-2.874206349206349,2026-09-09 19:40:31.575266,2026-09-09 19:47:56.644280,0 days 00:07:25.069014,0.20909887663129384,-0.46873885782300906,0.11361224381200596,0.8373682234746237,0.005327380199459487,0.5866666666666667,150,,COMPLETE
10,0.20180277239100697,2026-09-09 19:47:56.646281,2026-09-09 19:56:07.058910,0 days 00:08:10.412629,0.11571552400703887,-0.3471273483337654,0.03162213671840579,0.9323319373139056,0.009493650534717098,0.62,150,"{""BOMB_USEFUL"": 0.11571552400703887, ""BOMB_WASTEFUL"": -0.3471273483337654, ""CRATE"": 0.03162213671840579, ""SURVIVE"": 0.9323319373139056, ""TRAP"": 0.009493650534717098}",COMPLETE
11,3.429766282455091,2026-09-09 19:56:07.060920,2026-09-09 20:04:17.388914,0 days 00:08:10.327994,0.14266677255967852,-0.3304696221514234,0.049477063025617087,0.8688247821377231,0.01008894972868844,0.5933333333333334,150,"{""BOMB_USEFUL"": 0.14266677255967852, ""BOMB_WASTEFUL"": -0.3304696221514234, ""CRATE"": 0.049477063025617087, ""SURVIVE"": 0.8688247821377231, ""TRAP"": 0.01008894972868844}",COMPLETE
12,-2.5120996936786426,2026-09-09 20:04:17.391444,2026-09-09 20:12:12.175496,0 days 00:07:54.784052,0.264124968810482,-0.40221450403129194,0.025389516307172448,1.050496897823027,0.00819874934669441,0.58,150,"{""BOMB_USEFUL"": 0.264124968810482, ""BOMB_WASTEFUL"": -0.40221450403129194, ""CRATE"": 0.025389516307172448, ""SURVIVE"": 1.050496897823027, ""TRAP"": 0.00819874934669441}",COMPLETE
13,0.42053872053872077,2026-09-09 20:12:12.177010,2026-09-09 20:19:07.344641,0 days 00:06:55.167631,0.1071854267477107,-0.379288526536903,0.07280084670967923,0.9151365570574148,0.015733176987992894,0.6266666666666667,150,"{""BOMB_USEFUL"": 0.1071854267477107, ""BOMB_WASTEFUL"": -0.379288526536903, ""CRATE"": 0.07280084670967923, ""SURVIVE"": 0.9151365570574148, ""TRAP"": 0.015733176987992894}",COMPLETE
14,1.109137159137159,2026-09-09 20:19:07.345645,2026-09-09 20:26:02.876298,0 days 00:06:55.530653,0.21555735184593586,-0.3867914127864428,0.1048601330931207,0.9718928054079212,0.012710694017902516,0.56,150,"{""BOMB_USEFUL"": 0.21555735184593586, ""BOMB_WASTEFUL"": -0.3867914127864428, ""CRATE"": 0.1048601330931207, ""SURVIVE"": 0.9718928054079212, ""TRAP"": 0.012710694017902516}",COMPLETE
15,0.566902399958666,2026-09-09 20:26:02.878502,2026-09-09 20:32:47.489697,0 days 00:06:44.611195,0.21140018754368284,-0.348663093470032,0.0415643535912049,0.5473670671613251,0.010517334174791363,0.66,150,"{""BOMB_USEFUL"": 0.21140018754368284, ""BOMB_WASTEFUL"": -0.348663093470032, ""CRATE"": 0.0415643535912049, ""SURVIVE"": 0.5473670671613251, ""TRAP"": 0.010517334174791363}",COMPLETE
16,5.578162688512265,2026-09-09 20:32:47.491694,2026-09-09 20:39:33.228378,0 days 00:06:45.736684,0.11621572808318067,-0.3712215097315604,0.021885531371527676,0.5975603786752186,0.012818717015133832,0.56,150,"{""BOMB_USEFUL"": 0.11621572808318067, ""BOMB_WASTEFUL"": -0.3712215097315604, ""CRATE"": 0.021885531371527676, ""SURVIVE"": 0.5975603786752186, ""TRAP"": 0.012818717015133832}",COMPLETE
17,0.26954700384418473,2026-09-09 20:39:33.229883,2026-09-09 20:46:11.835300,0 days 00:06:38.605417,0.22260420139906062,-0.3624784377412545,0.03363447205028549,0.7291719079270512,0.012501213271414216,0.6333333333333333,150,"{""BOMB_USEFUL"": 0.22260420139906062, ""BOMB_WASTEFUL"": -0.3624784377412545, ""CRATE"": 0.03363447205028549, ""SURVIVE"": 0.7291719079270512, ""TRAP"": 0.012501213271414216}",COMPLETE
18,0.7991025217445262,2026-09-09 20:46:11.836771,2026-09-09 20:53:16.669154,0 days 00:07:04.832383,0.10598387135614179,-0.3811136326586047,0.07512240127499059,0.6411895560221113,0.011442591157453455,0.6466666666666666,150,"{""BOMB_USEFUL"": 0.10598387135614179, ""BOMB_WASTEFUL"": -0.3811136326586047, ""CRATE"": 0.07512240127499059, ""SURVIVE"": 0.6411895560221113, ""TRAP"": 0.011442591157453455}",COMPLETE
19,2.932661605705084,2026-09-09 20:53:16.670764,2026-09-09 21:00:10.299849,0 days 00:06:53.629085,0.10401612400147277,-0.38628342473194593,0.02764352324804661,0.4733423308714453,0.004732857290633025,0.6333333333333333,150,"{""BOMB_USEFUL"": 0.10401612400147277, ""BOMB_WASTEFUL"": -0.38628342473194593, ""CRATE"": 0.02764352324804661, ""SURVIVE"": 0.4733423308714453, ""TRAP"": 0.004732857290633025}",COMPLETE
