number,value,datetime_start,datetime_complete,duration,params_COIN,params_EXPLORE,user_attrs_death_rate,user_attrs_n_episodes,system_attrs_fixed_params,system_attrs_tpe:relative_params:0,state
0,30.733333333333334,2026-09-22 08:13:43.988665,2026-09-22 08:26:51.537294,0 days 00:13:07.548629,0.09775,0.006533,0.0,150,"{'COIN': 0.09775, 'EXPLORE': 0.006533}",,COMPLETE
1,33.0,2026-09-22 08:26:51.537294,2026-09-22 08:39:54.598577,0 days 00:13:03.061283,0.08741722139252527,0.019063571821788406,0.0,150,,,COMPLETE
2,26.933333333333334,2026-09-22 08:39:54.598577,2026-09-22 08:53:03.103741,0 days 00:13:08.505164,0.15175890952605292,0.012374511199743695,0.0,150,,,COMPLETE
3,33.0,2026-09-22 08:53:03.103741,2026-09-22 09:06:10.944342,0 days 00:13:07.840601,0.04808335527963858,0.0039638958863878505,0.0,150,,,COMPLETE
4,33.333333333333336,2026-09-22 09:06:10.944342,2026-09-22 09:19:16.334223,0 days 00:13:05.389881,0.030455050190275904,0.01745734676972377,0.0,150,,,COMPLETE
5,27.0,2026-09-22 09:19:16.334223,2026-09-22 09:32:23.680757,0 days 00:13:07.346534,0.1282007021137776,0.014453378978124865,0.0,150,,,COMPLETE
6,35.666666666666664,2026-09-22 09:32:23.680757,2026-09-22 09:45:29.731427,0 days 00:13:06.050670,0.023705208973244442,0.019428287191077892,0.0,150,,,COMPLETE
7,29.866666666666667,2026-09-22 09:45:29.733436,2026-09-22 09:58:33.823529,0 days 00:13:04.090093,0.16983967534407593,0.005034443102887247,0.0,150,,,COMPLETE
8,30.8,2026-09-22 09:58:33.823529,2026-09-22 10:11:39.259368,0 days 00:13:05.435839,0.05272849409727812,0.004484685687215243,0.0,150,,,COMPLETE
9,29.8,2026-09-22 10:11:39.259368,2026-09-22 10:24:44.997311,0 days 00:13:05.737943,0.0747636037327168,0.010970372201012518,0.0,150,,,COMPLETE
10,32.8,2026-09-22 10:24:44.999330,2026-09-22 10:37:59.059859,0 days 00:13:14.060529,0.17823448571735875,0.01675863438575701,0.0,150,,"{""COIN"": 0.17823448571735875, ""EXPLORE"": 0.01675863438575701}",COMPLETE
11,34.46666666666667,2026-09-22 10:37:59.059859,2026-09-22 10:51:10.174993,0 days 00:13:11.115134,0.039196027785507404,0.018809797938587943,0.0,150,,"{""COIN"": 0.039196027785507404, ""EXPLORE"": 0.018809797938587943}",COMPLETE
12,30.866666666666667,2026-09-22 10:51:10.174993,2026-09-22 11:04:18.627014,0 days 00:13:08.452021,0.021354223183779816,0.014966236720197895,0.0,150,,"{""COIN"": 0.021354223183779816, ""EXPLORE"": 0.014966236720197895}",COMPLETE
13,30.6,2026-09-22 11:04:18.633171,2026-09-22 11:17:21.152047,0 days 00:13:02.518876,0.057086599243763365,0.015528401999361483,0.0,150,,"{""COIN"": 0.057086599243763365, ""EXPLORE"": 0.015528401999361483}",COMPLETE
14,31.2,2026-09-22 11:17:21.152047,2026-09-22 11:30:32.043078,0 days 00:13:10.891031,0.037018535242593145,0.010108037787653191,0.0,150,,"{""COIN"": 0.037018535242593145, ""EXPLORE"": 0.010108037787653191}",COMPLETE
15,29.666666666666668,2026-09-22 11:30:32.043078,2026-09-22 11:43:45.024296,0 days 00:13:12.981218,0.033863678468299255,0.019635744611020862,0.0,150,,"{""COIN"": 0.033863678468299255, ""EXPLORE"": 0.019635744611020862}",COMPLETE
16,31.466666666666665,2026-09-22 11:43:45.024296,2026-09-22 11:56:54.090645,0 days 00:13:09.066349,0.06058196678221206,0.018659986143034508,0.0,150,,"{""COIN"": 0.06058196678221206, ""EXPLORE"": 0.018659986143034508}",COMPLETE
17,29.066666666666666,2026-09-22 11:56:54.092659,2026-09-22 12:10:04.072770,0 days 00:13:09.980111,0.19994473101043886,0.008737276329629442,0.0,150,,"{""COIN"": 0.19994473101043886, ""EXPLORE"": 0.008737276329629442}",COMPLETE
18,32.8,2026-09-22 12:10:04.072770,2026-09-22 12:23:12.746164,0 days 00:13:08.673394,0.08256604169267803,0.01474736013321231,0.0,150,,"{""COIN"": 0.08256604169267803, ""EXPLORE"": 0.01474736013321231}",COMPLETE
19,31.466666666666665,2026-09-22 12:23:12.754087,2026-09-22 12:36:21.013624,0 days 00:13:08.259537,0.04548869873785343,0.012898692524179661,0.0,150,,"{""COIN"": 0.04548869873785343, ""EXPLORE"": 0.012898692524179661}",COMPLETE
