number,value,datetime_start,datetime_complete,duration,params_BOMB_USEFUL,params_BOMB_WASTEFUL,params_CRATE,params_MOVED_TO_SAFETY,params_SURVIVE,params_TRAP,user_attrs_death_rate,user_attrs_n_episodes,system_attrs_fixed_params,system_attrs_tpe:relative_params:0,state
0,9.48573894235659,2026-09-25 13:31:01.664731,2026-09-25 14:06:04.018440,0 days 00:35:02.353709,0.43275,-0.61273,0.071906,0.269598,0.8749080237694725,0.004808,0.648,500,"{'BOMB_WASTEFUL': -0.61273, 'BOMB_USEFUL': 0.43275, 'MOVED_TO_SAFETY': 0.269598, 'CRATE': 0.071906, 'TRAP': 0.004808}",,COMPLETE
1,1.7990071834444095,2026-09-25 14:06:04.018440,2026-09-25 14:43:27.050093,0 days 00:37:23.031653,0.35619787963399174,-0.32464284679504196,0.03780093202212183,0.22959754525911097,0.8311989040672406,0.0030455050190275907,0.64,500,,,COMPLETE
2,4.472244987526821,2026-09-25 14:43:27.060009,2026-09-25 15:25:25.098456,0 days 00:41:58.038447,0.3103902541101231,-0.36691192711253245,0.03102922471479012,0.26242177333881367,0.9939819704323989,0.016983967534407594,0.636,500,,,COMPLETE
3,3.3253663003663014,2026-09-25 15:25:25.102454,2026-09-25 16:04:33.384417,0 days 00:39:08.281963,0.16363873852248523,-0.693830444660862,0.045212112147976886,0.10502135295603016,0.9049512863264476,0.009775010335558085,0.56,500,,,COMPLETE
4,2.9940476190476186,2026-09-25 16:04:33.390417,2026-09-25 16:44:02.879442,0 days 00:39:29.489025,0.3141485131528328,-0.654385429900979,0.04460723242676091,0.09184815819561255,0.8732723686587384,0.010209259715906648,0.584,500,,,COMPLETE
5,7.4545059831534,2026-09-25 16:44:02.879442,2026-09-25 17:21:20.279986,0 days 00:37:17.400544,0.1698858237554259,-0.40741201930349324,0.05962072844310212,0.20427033152408347,0.8092900825439996,0.012935807334225892,0.606,500,,,COMPLETE
6,9.465445897700086,2026-09-25 17:21:20.279986,2026-09-25 17:58:45.415566,0 days 00:37:25.135580,0.12276805754484783,-0.7147379381563543,0.07828160165372797,0.33466566117599994,0.9616794696232922,0.007483047845120673,0.642,500,,,COMPLETE
7,1.1570845820845825,2026-09-25 17:58:45.415566,2026-09-25 18:37:47.329060,0 days 00:39:01.913494,0.33948155927925494,-0.7511639429968081,0.03610191174223894,0.1820457481218804,0.8990353820222541,0.002618993380073931,0.556,500,,,COMPLETE
8,1.7725761171677679,2026-09-25 18:37:47.332233,2026-09-25 19:16:38.480097,0 days 00:38:51.147864,0.19057299356000593,-0.345339798960609,0.04558555380447055,0.2487566853061946,0.9040136042355622,0.011840785028179035,0.618,500,,,COMPLETE
9,4.0269055019055,2026-09-25 19:16:38.495292,2026-09-25 19:54:55.654931,0 days 00:38:17.159639,0.4393546197175955,-0.7075727722372365,0.07697494707820945,0.28253984700833434,0.9789654700855298,0.012762199618599535,0.64,500,,,COMPLETE
10,2.3433658933658936,2026-09-25 19:54:55.654931,2026-09-25 20:32:24.703594,0 days 00:37:29.048663,0.3017710361590377,-0.7023191179048871,0.05744580280815846,0.22515645779570698,0.8576556643686917,0.004961174656968649,0.638,500,,"{""BOMB_USEFUL"": 0.3017710361590377, ""BOMB_WASTEFUL"": -0.7023191179048871, ""CRATE"": 0.05744580280815846, ""MOVED_TO_SAFETY"": 0.22515645779570698, ""SURVIVE"": 0.8576556643686917, ""TRAP"": 0.004961174656968649}",COMPLETE
11,7.431111413698014,2026-09-25 20:32:24.703594,2026-09-25 21:10:10.885925,0 days 00:37:46.182331,0.14799276913883153,-0.6772281232700588,0.07466237033400393,0.2705810502222733,0.9963310245099098,0.0055153365937600125,0.618,500,,"{""BOMB_USEFUL"": 0.14799276913883153, ""BOMB_WASTEFUL"": -0.6772281232700588, ""CRATE"": 0.07466237033400393, ""MOVED_TO_SAFETY"": 0.2705810502222733, ""SURVIVE"": 0.9963310245099098, ""TRAP"": 0.0055153365937600125}",COMPLETE
12,2.7844454207037366,2026-09-25 21:10:10.887675,2026-09-25 21:48:08.452591,0 days 00:37:57.564916,0.3153624527304622,-0.6926357065350763,0.07633076581635302,0.34415797616468463,0.9944369259538945,0.004835591092154834,0.606,500,,"{""BOMB_USEFUL"": 0.3153624527304622, ""BOMB_WASTEFUL"": -0.6926357065350763, ""CRATE"": 0.07633076581635302, ""MOVED_TO_SAFETY"": 0.34415797616468463, ""SURVIVE"": 0.9944369259538945, ""TRAP"": 0.004835591092154834}",COMPLETE
13,13.35936688556972,2026-09-25 21:48:08.452591,2026-09-25 22:26:16.724534,0 days 00:38:08.271943,0.35198477931175287,-0.6213573290689978,0.07113025742817242,0.3301779949016623,0.8683552316856477,0.0041317938938194255,0.602,500,,"{""BOMB_USEFUL"": 0.35198477931175287, ""BOMB_WASTEFUL"": -0.6213573290689978, ""CRATE"": 0.07113025742817242, ""MOVED_TO_SAFETY"": 0.3301779949016623, ""SURVIVE"": 0.8683552316856477, ""TRAP"": 0.0041317938938194255}",COMPLETE
14,8.201573972598965,2026-09-25 22:26:16.724534,2026-09-25 23:03:49.176363,0 days 00:37:32.451829,0.38228233937721867,-0.6093688024257643,0.07653597973341583,0.302138108073246,0.8756405874118404,0.007153052535760459,0.61,500,,"{""BOMB_USEFUL"": 0.38228233937721867, ""BOMB_WASTEFUL"": -0.6093688024257643, ""CRATE"": 0.07653597973341583, ""MOVED_TO_SAFETY"": 0.302138108073246, ""SURVIVE"": 0.8756405874118404, ""TRAP"": 0.007153052535760459}",COMPLETE
15,3.81874478568027,2026-09-25 23:03:49.176363,2026-09-25 23:41:39.211240,0 days 00:37:50.034877,0.34913837156849226,-0.686971288923911,0.0649981159688891,0.3400667313880348,0.8855645611982734,0.005935716806543077,0.62,500,,"{""BOMB_USEFUL"": 0.34913837156849226, ""BOMB_WASTEFUL"": -0.686971288923911, ""CRATE"": 0.0649981159688891, ""MOVED_TO_SAFETY"": 0.3400667313880348, ""SURVIVE"": 0.8855645611982734, ""TRAP"": 0.005935716806543077}",COMPLETE
16,2.9813596184988373,2026-09-25 23:41:39.214238,2026-09-26 00:17:44.020500,0 days 00:36:04.806262,0.3947037577002341,-0.5355011411051291,0.059529618535847595,0.2960407045444633,0.8729192510047167,0.003058321842387461,0.63,500,,"{""BOMB_USEFUL"": 0.3947037577002341, ""BOMB_WASTEFUL"": -0.5355011411051291, ""CRATE"": 0.059529618535847595, ""MOVED_TO_SAFETY"": 0.2960407045444633, ""SURVIVE"": 0.8729192510047167, ""TRAP"": 0.003058321842387461}",COMPLETE
17,8.5016807591369,2026-09-26 00:17:44.026289,2026-09-26 00:53:44.795710,0 days 00:36:00.769421,0.3728404150104316,-0.46281357210351254,0.07181630425952375,0.22782820130109155,0.8127597730303621,0.0034756945731435557,0.656,500,,"{""BOMB_USEFUL"": 0.3728404150104316, ""BOMB_WASTEFUL"": -0.46281357210351254, ""CRATE"": 0.07181630425952375, ""MOVED_TO_SAFETY"": 0.22782820130109155, ""SURVIVE"": 0.8127597730303621, ""TRAP"": 0.0034756945731435557}",COMPLETE
18,5.77670565514882,2026-09-26 00:53:44.799279,2026-09-26 01:31:57.702037,0 days 00:38:12.902758,0.2860933079030501,-0.5086192570186433,0.06772404319456483,0.34197765693876636,0.8661191154600119,0.00470360711453532,0.648,500,,"{""BOMB_USEFUL"": 0.2860933079030501, ""BOMB_WASTEFUL"": -0.5086192570186433, ""CRATE"": 0.06772404319456483, ""MOVED_TO_SAFETY"": 0.34197765693876636, ""SURVIVE"": 0.8661191154600119, ""TRAP"": 0.00470360711453532}",COMPLETE
19,0.9415017128640581,2026-09-26 01:31:57.703047,2026-09-26 02:09:47.722229,0 days 00:37:50.019182,0.387781768030934,-0.670588439934683,0.06535031702178845,0.28075782612644185,0.846432753352617,0.005881277063917422,0.652,500,,"{""BOMB_USEFUL"": 0.387781768030934, ""BOMB_WASTEFUL"": -0.670588439934683, ""CRATE"": 0.06535031702178845, ""MOVED_TO_SAFETY"": 0.28075782612644185, ""SURVIVE"": 0.846432753352617, ""TRAP"": 0.005881277063917422}",COMPLETE
