number,value,datetime_start,datetime_complete,duration,params_BOMB_USEFUL,params_BOMB_WASTEFUL,params_CRATE,params_KILL,params_SURVIVE,params_TRAP,user_attrs_death_rate,user_attrs_n_episodes,system_attrs_fixed_params,system_attrs_tpe:relative_params:0,state
0,1.0719809029406555,2026-09-14 13:07:07.050041,2026-09-14 13:12:02.436086,0 days 00:04:55.386045,0.2,-0.5,0.15,0.8,0.1,0.3,0.6,50,"{'BOMB_WASTEFUL': -0.5, 'BOMB_USEFUL': 0.2, 'CRATE': 0.15, 'SURVIVE': 0.1, 'KILL': 0.8, 'TRAP': 0.3}",,COMPLETE
1,2.4303203585366777,2026-09-14 13:12:02.438111,2026-09-14 13:16:49.319744,0 days 00:04:46.881633,0.4327500072434707,-0.6127299405763188,0.19639878836228103,0.4872223685309238,0.17959754525911098,0.16239780813448107,0.66,50,,,COMPLETE
2,1.1856125356125355,2026-09-14 13:16:49.319744,2026-09-14 13:21:37.098654,0 days 00:04:47.778910,0.40316165102122725,-0.7709581939159003,0.17022300234864177,0.32470139315496294,0.21242177333881365,0.4879639408647978,0.56,50,,,COMPLETE
3,1.3950545122318907,2026-09-14 13:21:37.098654,2026-09-14 13:26:25.593962,0 days 00:04:48.495308,0.17431868873739664,-0.3837786795997892,0.08636499344142012,0.6650906915514452,0.055021352956030146,0.3099025726528951,0.62,50,,,COMPLETE
4,1.8352019148888221,2026-09-14 13:26:25.595962,2026-09-14 13:30:59.858972,0 days 00:04:34.263010,0.20193019906931467,-0.5840274906789422,0.17237057894447588,0.6505735782422617,0.04184815819561255,0.2465447373174767,0.66,50,,,COMPLETE
5,2.777603695567082,2026-09-14 13:30:59.858972,2026-09-14 13:36:12.126104,0 days 00:05:12.267132,0.37481158648755475,-0.5719650078914821,0.08993475643167195,1.010897482634451,0.15427033152408348,0.1185801650879991,0.56,50,,,COMPLETE
6,-2.1319172113289753,2026-09-14 13:36:12.126104,2026-09-14 13:40:37.708010,0 days 00:04:25.581906,0.15968344329055204,-0.49622757404928086,0.06301031859705591,1.4587584396894713,0.28466566117599995,0.4233589392465845,0.78,50,,,COMPLETE
7,0.642049780285074,2026-09-14 13:40:37.710012,2026-09-14 13:45:21.744605,0 days 00:04:44.034593,0.13418523990223435,-0.6476931154133148,0.1868466053024314,0.44644588181373457,0.13204574812188039,0.29807076404450805,0.6,50,,,COMPLETE
8,4.016569197355643,2026-09-14 13:45:21.746613,2026-09-14 13:50:17.141292,0 days 00:04:55.394679,0.41826214072757373,-0.7828057394423908,0.10175599632000339,0.6740532913072932,0.19875668530619459,0.3080272084711243,0.56,50,,,COMPLETE
9,-0.5579383579383581,2026-09-14 13:50:17.141292,2026-09-14 13:55:00.661488,0 days 00:04:43.520196,0.16469905943393448,-0.5266448603283602,0.24391692555291172,1.427398729877027,0.23253984700833435,0.4579309401710595,0.56,50,,,COMPLETE
10,0.426808694687951,2026-09-14 13:55:00.662493,2026-09-14 13:59:32.333473,0 days 00:04:31.670980,0.43951546153875776,-0.7805354626476395,0.109792218460148,0.7509463250161384,0.13930785095286755,0.4925259819166221,0.68,50,,"{""BOMB_USEFUL"": 0.43951546153875776, ""BOMB_WASTEFUL"": -0.7805354626476395, ""CRATE"": 0.109792218460148, ""KILL"": 0.7509463250161384, ""SURVIVE"": 0.13930785095286755, ""TRAP"": 0.4925259819166221}",COMPLETE
11,3.7877252887597717,2026-09-14 13:59:32.335486,2026-09-14 14:04:06.137788,0 days 00:04:33.802302,0.3910210106331898,-0.5012126942877465,0.06689757341302681,0.9607249471093031,0.14269857394503865,0.11132258102810902,0.66,50,,"{""BOMB_USEFUL"": 0.3910210106331898, ""BOMB_WASTEFUL"": -0.5012126942877465, ""CRATE"": 0.06689757341302681, ""KILL"": 0.9607249471093031, ""SURVIVE"": 0.14269857394503865, ""TRAP"": 0.11132258102810902}",COMPLETE
12,-0.5196830946830957,2026-09-14 14:04:06.139797,2026-09-14 14:08:36.405306,0 days 00:04:30.265509,0.4266425937491762,-0.7918224630698731,0.11852830831729269,0.9470653360391154,0.14783571110535917,0.34545164403118056,0.62,50,,"{""BOMB_USEFUL"": 0.4266425937491762, ""BOMB_WASTEFUL"": -0.7918224630698731, ""CRATE"": 0.11852830831729269, ""KILL"": 0.9470653360391154, ""SURVIVE"": 0.14783571110535917, ""TRAP"": 0.34545164403118056}",COMPLETE
13,-1.742919119064629,2026-09-14 14:08:36.407318,2026-09-14 14:13:02.007565,0 days 00:04:25.600247,0.3666400216889112,-0.37150358985526166,0.06555137572406829,0.857816687726486,0.16063749081941256,0.14278559452764852,0.72,50,,"{""BOMB_USEFUL"": 0.3666400216889112, ""BOMB_WASTEFUL"": -0.37150358985526166, ""CRATE"": 0.06555137572406829, ""KILL"": 0.857816687726486, ""SURVIVE"": 0.16063749081941256, ""TRAP"": 0.14278559452764852}",COMPLETE
14,-2.287037037037038,2026-09-14 14:13:02.008564,2026-09-14 14:17:35.379982,0 days 00:04:33.371418,0.3467589943923593,-0.7440820100444305,0.07087821884207164,0.8741884232444287,0.20383249614612967,0.25011393836518714,0.66,50,,"{""BOMB_USEFUL"": 0.3467589943923593, ""BOMB_WASTEFUL"": -0.7440820100444305, ""CRATE"": 0.07087821884207164, ""KILL"": 0.8741884232444287, ""SURVIVE"": 0.20383249614612967, ""TRAP"": 0.25011393836518714}",COMPLETE
15,-1.087635625754821,2026-09-14 14:17:35.379982,2026-09-14 14:22:18.094673,0 days 00:04:42.714691,0.4299064584927855,-0.4587388084908987,0.08909721973437452,0.5587499553977548,0.15188496200482463,0.21339417360729118,0.56,50,,"{""BOMB_USEFUL"": 0.4299064584927855, ""BOMB_WASTEFUL"": -0.4587388084908987, ""CRATE"": 0.08909721973437452, ""KILL"": 0.5587499553977548, ""SURVIVE"": 0.15188496200482463, ""TRAP"": 0.21339417360729118}",COMPLETE
16,-2.5766163660900503,2026-09-14 14:22:18.096501,2026-09-14 14:26:47.359582,0 days 00:04:29.263081,0.39646067722586,-0.7624539749618517,0.12816653168414538,0.768048776134773,0.20659281188374456,0.38829762337255935,0.6,50,,"{""BOMB_USEFUL"": 0.39646067722586, ""BOMB_WASTEFUL"": -0.7624539749618517, ""CRATE"": 0.12816653168414538, ""KILL"": 0.768048776134773, ""SURVIVE"": 0.20659281188374456, ""TRAP"": 0.38829762337255935}",COMPLETE
17,-1.0268298041827464,2026-09-14 14:26:47.359582,2026-09-14 14:31:32.671900,0 days 00:04:45.312318,0.3933065091287296,-0.4118993906270606,0.05596990529116309,0.5556581379243675,0.20793948854255023,0.28869330152933304,0.56,50,,"{""BOMB_USEFUL"": 0.3933065091287296, ""BOMB_WASTEFUL"": -0.4118993906270606, ""CRATE"": 0.05596990529116309, ""KILL"": 0.5556581379243675, ""SURVIVE"": 0.20793948854255023, ""TRAP"": 0.28869330152933304}",COMPLETE
18,-1.6624098124098126,2026-09-14 14:31:32.671900,2026-09-14 14:35:52.050118,0 days 00:04:19.378218,0.37633545848930633,-0.714871256017948,0.11191881085156202,0.48476786058986376,0.2411403724228627,0.13940461603089357,0.62,50,,"{""BOMB_USEFUL"": 0.37633545848930633, ""BOMB_WASTEFUL"": -0.714871256017948, ""CRATE"": 0.11191881085156202, ""KILL"": 0.48476786058986376, ""SURVIVE"": 0.2411403724228627, ""TRAP"": 0.13940461603089357}",COMPLETE
19,-2.1381664631664634,2026-09-14 14:35:52.054865,2026-09-14 14:40:36.422608,0 days 00:04:44.367743,0.36298903496640744,-0.6637845119661868,0.1132055855517315,0.6796389444317059,0.165935171147021,0.26998085800798904,0.68,50,,"{""BOMB_USEFUL"": 0.36298903496640744, ""BOMB_WASTEFUL"": -0.6637845119661868, ""CRATE"": 0.1132055855517315, ""KILL"": 0.6796389444317059, ""SURVIVE"": 0.165935171147021, ""TRAP"": 0.26998085800798904}",COMPLETE
