number,value,datetime_start,datetime_complete,duration,params_BOMB_USEFUL,params_BOMB_WASTEFUL,params_CRATE,params_MOVED_TO_SAFETY,params_TRAP,user_attrs_death_rate,user_attrs_n_episodes,system_attrs_tpe:relative_params:0,state
0,15.2793726176691,2026-09-24 20:44:26.962274,2026-09-24 20:58:23.644254,0 days 00:13:56.681980,0.4327500072434707,-0.6127299405763188,0.07190609389379257,0.26959818254342155,0.004808335527963857,0.28,150,,COMPLETE
1,8.31220172562173,2026-09-24 20:58:23.644254,2026-09-24 21:11:33.017645,0 days 00:13:09.373391,0.12032926425886982,-0.7220027398318987,0.07207805082202462,0.3098528437324805,0.01474530640032882,0.2866666666666667,150,,COMPLETE
2,12.466793644433608,2026-09-24 21:11:33.017645,2026-09-24 21:25:20.140945,0 days 00:13:47.123300,0.43946844825669795,-0.7897077528520988,0.04486373774747933,0.2997327922401265,0.005272849409727812,0.2733333333333333,150,,COMPLETE
3,9.464364144212123,2026-09-24 21:25:20.140945,2026-09-24 21:40:36.693391,0 days 00:15:16.552446,0.2064847850358382,-0.7082977450732831,0.06023615130494811,0.20742692948967134,0.007242124523564755,0.21333333333333335,150,,COMPLETE
4,11.122317151716,2026-09-24 21:40:36.696358,2026-09-24 21:54:56.734752,0 days 00:14:20.038394,0.14882285122821465,-0.4940735526388103,0.055645329030558424,0.13764339456056546,0.010209259715906648,0.3,150,,COMPLETE
5,13.880698976832829,2026-09-24 21:54:56.736761,2026-09-24 22:08:57.744676,0 days 00:14:01.007915,0.1698858237554259,-0.40741201930349324,0.07146901982034298,0.20427033152408347,0.002836107428959959,0.2733333333333333,150,,COMPLETE
6,7.061784511784511,2026-09-24 22:08:57.744676,2026-09-24 22:22:22.529268,0 days 00:13:24.784592,0.15968344329055204,-0.49622757404928086,0.09642198760773334,0.06951547789558385,0.019381376595342073,0.3,150,,COMPLETE
7,7.897117530468195,2026-09-24 22:22:22.531273,2026-09-24 22:36:20.221024,0 days 00:13:57.689751,0.20661481921067976,-0.3958013259417695,0.07789631185585098,0.07930163420191516,0.009922744887312825,0.24,150,,COMPLETE
8,7.56798941798942,2026-09-24 22:36:20.221024,2026-09-24 22:50:59.742196,0 days 00:14:39.521172,0.27331191853894454,-0.7389808825776106,0.09365242814551475,0.06031655633456552,0.006658039668800305,0.2733333333333333,150,,COMPLETE
9,9.037862743579621,2026-09-24 22:50:59.745899,2026-09-24 23:05:05.679913,0 days 00:14:05.934014,0.20909887663129384,-0.46873885782300906,0.06826971955402958,0.20602040635334323,0.005327380199459487,0.2733333333333333,150,,COMPLETE
10,5.6161884411884415,2026-09-24 23:05:05.695741,2026-09-24 23:18:50.398074,0 days 00:13:44.702333,0.4307977904806354,-0.6980403044587402,0.07330377733551005,0.12709616420617326,0.01118568774895536,0.26666666666666666,150,"{""BOMB_USEFUL"": 0.4307977904806354, ""BOMB_WASTEFUL"": -0.6980403044587402, ""CRATE"": 0.07330377733551005, ""MOVED_TO_SAFETY"": 0.12709616420617326, ""TRAP"": 0.01118568774895536}",COMPLETE
11,9.710340481484472,2026-09-24 23:18:50.398074,2026-09-24 23:33:25.364900,0 days 00:14:34.966826,0.33355579478744724,-0.5285882583325161,0.0814951446396679,0.33787642883914293,0.008751025873276632,0.22,150,"{""BOMB_USEFUL"": 0.33355579478744724, ""BOMB_WASTEFUL"": -0.5285882583325161, ""CRATE"": 0.0814951446396679, ""MOVED_TO_SAFETY"": 0.33787642883914293, ""TRAP"": 0.008751025873276632}",COMPLETE
12,10.477332565503382,2026-09-24 23:33:25.364900,2026-09-24 23:47:40.000062,0 days 00:14:14.635162,0.4307148518317664,-0.40713834193283743,0.07650894509264658,0.2638421863168423,0.0025953382922262493,0.24,150,"{""BOMB_USEFUL"": 0.4307148518317664, ""BOMB_WASTEFUL"": -0.40713834193283743, ""CRATE"": 0.07650894509264658, ""MOVED_TO_SAFETY"": 0.2638421863168423, ""TRAP"": 0.0025953382922262493}",COMPLETE
13,7.007813622073106,2026-09-24 23:47:40.003014,2026-09-25 00:01:50.367667,0 days 00:14:10.364653,0.187714423270675,-0.49549093159740865,0.04291719443022002,0.1947950597810198,0.0028871738078659224,0.18666666666666668,150,"{""BOMB_USEFUL"": 0.187714423270675, ""BOMB_WASTEFUL"": -0.49549093159740865, ""CRATE"": 0.04291719443022002, ""MOVED_TO_SAFETY"": 0.1947950597810198, ""TRAP"": 0.0028871738078659224}",COMPLETE
14,8.337656751859537,2026-09-25 00:01:50.367667,2026-09-25 00:15:23.982491,0 days 00:13:33.614824,0.2618206052475759,-0.6699525209134827,0.08164654166460329,0.17053971433153156,0.0030010667302895044,0.31333333333333335,150,"{""BOMB_USEFUL"": 0.2618206052475759, ""BOMB_WASTEFUL"": -0.6699525209134827, ""CRATE"": 0.08164654166460329, ""MOVED_TO_SAFETY"": 0.17053971433153156, ""TRAP"": 0.0030010667302895044}",COMPLETE
15,7.671859584993644,2026-09-25 00:15:23.982491,2026-09-25 00:29:37.058762,0 days 00:14:13.076271,0.42196929909607145,-0.4390936691199532,0.07550826781957967,0.23936369364253532,0.00788458668341829,0.26666666666666666,150,"{""BOMB_USEFUL"": 0.42196929909607145, ""BOMB_WASTEFUL"": -0.4390936691199532, ""CRATE"": 0.07550826781957967, ""MOVED_TO_SAFETY"": 0.23936369364253532, ""TRAP"": 0.00788458668341829}",COMPLETE
16,14.527881777250698,2026-09-25 00:29:37.061758,2026-09-25 00:43:36.421809,0 days 00:13:59.360051,0.40970231300277493,-0.6074507571685656,0.07405159944198242,0.2376605575850702,0.005776418360420164,0.29333333333333333,150,"{""BOMB_USEFUL"": 0.40970231300277493, ""BOMB_WASTEFUL"": -0.6074507571685656, ""CRATE"": 0.07405159944198242, ""MOVED_TO_SAFETY"": 0.2376605575850702, ""TRAP"": 0.005776418360420164}",COMPLETE
17,12.025088958912491,2026-09-25 00:43:36.421809,2026-09-25 00:58:19.013693,0 days 00:14:42.591884,0.4175445125880988,-0.523668866211217,0.06055088771467406,0.23837673329743161,0.006870759266752316,0.21333333333333335,150,"{""BOMB_USEFUL"": 0.4175445125880988, ""BOMB_WASTEFUL"": -0.523668866211217, ""CRATE"": 0.06055088771467406, ""MOVED_TO_SAFETY"": 0.23837673329743161, ""TRAP"": 0.006870759266752316}",COMPLETE
18,9.157103178538428,2026-09-25 00:58:19.021111,2026-09-25 01:12:09.181048,0 days 00:13:50.159937,0.38627918070958694,-0.6850612990608357,0.057867156202044884,0.22405889216424202,0.005558244154462092,0.28,150,"{""BOMB_USEFUL"": 0.38627918070958694, ""BOMB_WASTEFUL"": -0.6850612990608357, ""CRATE"": 0.057867156202044884, ""MOVED_TO_SAFETY"": 0.22405889216424202, ""TRAP"": 0.005558244154462092}",COMPLETE
19,12.126645292870405,2026-09-25 01:12:09.181048,2026-09-25 01:25:16.831197,0 days 00:13:07.650149,0.41739171096619343,-0.5755686824843698,0.0895035282079201,0.2688355448961339,0.003660879981852548,0.35333333333333333,150,"{""BOMB_USEFUL"": 0.41739171096619343, ""BOMB_WASTEFUL"": -0.5755686824843698, ""CRATE"": 0.0895035282079201, ""MOVED_TO_SAFETY"": 0.2688355448961339, ""TRAP"": 0.003660879981852548}",COMPLETE
