number,value,datetime_start,datetime_complete,duration,params_COIN,params_EXPLORE,user_attrs_death_rate,user_attrs_n_episodes,system_attrs_tpe:relative_params:0,state
0,24.666666666666668,2026-09-22 00:09:42.515334,2026-09-22 00:14:08.729169,0 days 00:04:26.213835,0.08741722139252527,0.019063571821788406,0.0,50,,COMPLETE
1,27.333333333333332,2026-09-22 00:14:08.729169,2026-09-22 00:18:33.157991,0 days 00:04:24.428822,0.15175890952605292,0.012374511199743695,0.0,50,,COMPLETE
2,24.533333333333335,2026-09-22 00:18:33.157991,2026-09-22 00:22:55.446347,0 days 00:04:22.288356,0.04808335527963858,0.0039638958863878505,0.0,50,,COMPLETE
3,20.733333333333334,2026-09-22 00:22:55.448355,2026-09-22 00:27:20.362995,0 days 00:04:24.914640,0.030455050190275904,0.01745734676972377,0.0,50,,COMPLETE
4,24.0,2026-09-22 00:27:20.362995,2026-09-22 00:31:44.092301,0 days 00:04:23.729306,0.1282007021137776,0.014453378978124865,0.0,50,,COMPLETE
5,22.866666666666667,2026-09-22 00:31:44.092301,2026-09-22 00:36:06.759368,0 days 00:04:22.667067,0.023705208973244442,0.019428287191077892,0.0,50,,COMPLETE
6,28.333333333333332,2026-09-22 00:36:06.759368,2026-09-22 00:40:29.972975,0 days 00:04:23.213607,0.16983967534407593,0.005034443102887247,0.0,50,,COMPLETE
7,26.333333333333332,2026-09-22 00:40:29.973485,2026-09-22 00:44:55.298711,0 days 00:04:25.325226,0.05272849409727812,0.004484685687215243,0.0,50,,COMPLETE
8,21.133333333333333,2026-09-22 00:44:55.298711,2026-09-22 00:49:18.870527,0 days 00:04:23.571816,0.0747636037327168,0.010970372201012518,0.0,50,,COMPLETE
9,29.8,2026-09-22 00:49:18.872539,2026-09-22 00:53:43.728223,0 days 00:04:24.855684,0.09775010335558085,0.006533353663762796,0.0,50,,COMPLETE
10,23.066666666666666,2026-09-22 00:53:43.728223,2026-09-22 00:58:07.034527,0 days 00:04:23.306304,0.10926340794621198,0.004503245497431814,0.0,50,"{""COIN"": 0.10926340794621198, ""EXPLORE"": 0.004503245497431814}",COMPLETE
11,27.533333333333335,2026-09-22 00:58:07.036535,2026-09-22 01:02:29.961775,0 days 00:04:22.925240,0.17072531172895583,0.003531252485607466,0.0,50,"{""COIN"": 0.17072531172895583, ""EXPLORE"": 0.003531252485607466}",COMPLETE
12,24.2,2026-09-22 01:02:29.961775,2026-09-22 01:06:53.794366,0 days 00:04:23.832591,0.16320454573903764,0.007695409566859332,0.0,50,"{""COIN"": 0.16320454573903764, ""EXPLORE"": 0.007695409566859332}",COMPLETE
13,23.266666666666666,2026-09-22 01:06:53.794366,2026-09-22 01:11:17.304241,0 days 00:04:23.509875,0.19874253025069846,0.0014721996167952078,0.0,50,"{""COIN"": 0.19874253025069846, ""EXPLORE"": 0.0014721996167952078}",COMPLETE
14,21.666666666666668,2026-09-22 01:11:17.304241,2026-09-22 01:15:41.183782,0 days 00:04:23.879541,0.1872403829083481,0.009563042290419703,0.0,50,"{""COIN"": 0.1872403829083481, ""EXPLORE"": 0.009563042290419703}",COMPLETE
15,22.866666666666667,2026-09-22 01:15:41.185792,2026-09-22 01:20:04.690007,0 days 00:04:23.504215,0.11847654071277547,0.00804303957948303,0.0,50,"{""COIN"": 0.11847654071277547, ""EXPLORE"": 0.00804303957948303}",COMPLETE
16,29.0,2026-09-22 01:20:04.690007,2026-09-22 01:24:27.849845,0 days 00:04:23.159838,0.030133026333594715,0.008149013976650243,0.0,50,"{""COIN"": 0.030133026333594715, ""EXPLORE"": 0.008149013976650243}",COMPLETE
17,27.4,2026-09-22 01:24:27.849845,2026-09-22 01:28:51.722974,0 days 00:04:23.873129,0.11958162955308463,0.0015902931534664717,0.0,50,"{""COIN"": 0.11958162955308463, ""EXPLORE"": 0.0015902931534664717}",COMPLETE
18,25.533333333333335,2026-09-22 01:28:51.722974,2026-09-22 01:33:16.388405,0 days 00:04:24.665431,0.03665570759840742,0.008091590484050644,0.0,50,"{""COIN"": 0.03665570759840742, ""EXPLORE"": 0.008091590484050644}",COMPLETE
19,26.866666666666667,2026-09-22 01:33:16.390413,2026-09-22 01:37:40.792666,0 days 00:04:24.402253,0.07202192761185316,0.008282037585473453,0.0,50,"{""COIN"": 0.07202192761185316, ""EXPLORE"": 0.008282037585473453}",COMPLETE
