number,value,datetime_start,datetime_complete,duration,params_COIN,params_EXPLORE,user_attrs_death_rate,user_attrs_n_episodes,system_attrs_tpe:relative_params:0,state
0,26.2,2026-09-21 23:19:48.643425,2026-09-21 23:21:52.033740,0 days 00:02:03.390315,0.08741722139252527,0.019063571821788406,0.0,50,,COMPLETE
1,23.133333333333333,2026-09-21 23:21:52.033740,2026-09-21 23:23:52.905645,0 days 00:02:00.871905,0.15175890952605292,0.012374511199743695,0.0,50,,COMPLETE
2,25.733333333333334,2026-09-21 23:23:52.921186,2026-09-21 23:25:46.679357,0 days 00:01:53.758171,0.04808335527963858,0.0039638958863878505,0.0,50,,COMPLETE
3,23.933333333333334,2026-09-21 23:25:46.679357,2026-09-21 23:27:38.253623,0 days 00:01:51.574266,0.030455050190275904,0.01745734676972377,0.0,50,,COMPLETE
4,24.333333333333332,2026-09-21 23:27:38.253623,2026-09-21 23:29:32.535893,0 days 00:01:54.282270,0.1282007021137776,0.014453378978124865,0.0,50,,COMPLETE
5,23.333333333333332,2026-09-21 23:29:32.537946,2026-09-21 23:31:30.513690,0 days 00:01:57.975744,0.023705208973244442,0.019428287191077892,0.0,50,,COMPLETE
6,26.2,2026-09-21 23:31:30.514689,2026-09-21 23:33:28.116817,0 days 00:01:57.602128,0.16983967534407593,0.005034443102887247,0.0,50,,COMPLETE
7,25.6,2026-09-21 23:33:28.117821,2026-09-21 23:35:29.835035,0 days 00:02:01.717214,0.05272849409727812,0.004484685687215243,0.0,50,,COMPLETE
8,23.933333333333334,2026-09-21 23:35:29.835035,2026-09-21 23:37:24.217958,0 days 00:01:54.382923,0.0747636037327168,0.010970372201012518,0.0,50,,COMPLETE
9,23.8,2026-09-21 23:37:24.217958,2026-09-21 23:39:19.184207,0 days 00:01:54.966249,0.09775010335558085,0.006533353663762796,0.0,50,,COMPLETE
10,26.133333333333333,2026-09-21 23:39:19.184207,2026-09-21 23:41:13.310923,0 days 00:01:54.126716,0.13082694259522393,0.019784827703214065,0.0,50,"{""COIN"": 0.13082694259522393, ""EXPLORE"": 0.019784827703214065}",COMPLETE
11,23.866666666666667,2026-09-21 23:41:13.310923,2026-09-21 23:43:07.375246,0 days 00:01:54.064323,0.1823156710399158,0.0011433990670095696,0.0,50,"{""COIN"": 0.1823156710399158, ""EXPLORE"": 0.0011433990670095696}",COMPLETE
12,25.666666666666668,2026-09-21 23:43:07.375246,2026-09-21 23:45:00.494531,0 days 00:01:53.119285,0.1698301165162382,0.007276856243925165,0.0,50,"{""COIN"": 0.1698301165162382, ""EXPLORE"": 0.007276856243925165}",COMPLETE
13,23.8,2026-09-21 23:45:00.494531,2026-09-21 23:46:53.298598,0 days 00:01:52.804067,0.1915660225166125,0.017106672669438105,0.0,50,"{""COIN"": 0.1915660225166125, ""EXPLORE"": 0.017106672669438105}",COMPLETE
14,22.466666666666665,2026-09-21 23:46:53.298598,2026-09-21 23:48:46.990971,0 days 00:01:53.692373,0.11452055490423874,0.00220246619036631,0.0,50,"{""COIN"": 0.11452055490423874, ""EXPLORE"": 0.00220246619036631}",COMPLETE
15,26.8,2026-09-21 23:48:46.991979,2026-09-21 23:50:39.835327,0 days 00:01:52.843348,0.08170423057417432,0.018614785598243665,0.0,50,"{""COIN"": 0.08170423057417432, ""EXPLORE"": 0.018614785598243665}",COMPLETE
16,23.466666666666665,2026-09-21 23:50:39.835327,2026-09-21 23:52:32.553359,0 days 00:01:52.718032,0.08832876381564024,0.017792460086295807,0.0,50,"{""COIN"": 0.08832876381564024, ""EXPLORE"": 0.017792460086295807}",COMPLETE
17,27.733333333333334,2026-09-21 23:52:32.553359,2026-09-21 23:54:25.039664,0 days 00:01:52.486305,0.030877814973734707,0.011447025217047293,0.0,50,"{""COIN"": 0.030877814973734707, ""EXPLORE"": 0.011447025217047293}",COMPLETE
18,25.8,2026-09-21 23:54:25.039664,2026-09-21 23:56:17.866390,0 days 00:01:52.826726,0.0354483092931835,0.014230319616234275,0.0,50,"{""COIN"": 0.0354483092931835, ""EXPLORE"": 0.014230319616234275}",COMPLETE
19,22.133333333333333,2026-09-21 23:56:17.866390,2026-09-21 23:58:10.659759,0 days 00:01:52.793369,0.03280397347162992,0.0083719984679367,0.0,50,"{""COIN"": 0.03280397347162992, ""EXPLORE"": 0.0083719984679367}",COMPLETE
