number,value,datetime_start,datetime_complete,duration,params_BOMB_USEFUL,params_BOMB_WASTEFUL,params_CRATE,params_SURVIVE,params_TRAP,user_attrs_death_rate,user_attrs_n_episodes,system_attrs_tpe:relative_params:0,state
0,-0.5350070704093692,2026-09-10 13:58:45.178227,2026-09-10 14:03:16.020137,0 days 00:04:30.841910,0.4327500072434707,-0.6127299405763188,0.15175890952605292,0.8789267873576292,0.004808335527963857,0.68,50,,COMPLETE
1,1.7883958633958636,2026-09-10 14:03:16.043777,2026-09-10 14:07:32.527084,0 days 00:04:16.483307,0.12032926425886982,-0.7220027398318987,0.17591170623948835,0.880892009394567,0.01474530640032882,0.5,50,,COMPLETE
2,-1.2646464646464644,2026-09-10 14:07:32.529089,2026-09-10 14:12:12.680459,0 days 00:04:40.151370,0.43946844825669795,-0.7897077528520988,0.16983967534407593,0.5698712885426209,0.005272849409727812,0.52,50,,COMPLETE
3,-0.016260737313366747,2026-09-10 14:12:12.681473,2026-09-10 14:16:19.626365,0 days 00:04:06.944892,0.2064847850358382,-0.7082977450732831,0.11445615769380282,0.7455560149136926,0.007242124523564755,0.72,50,,COMPLETE
4,6.586637618010167,2026-09-10 14:16:19.627926,2026-09-10 14:21:04.072305,0 days 00:04:44.444379,0.14882285122821465,-0.4940735526388103,0.07258603673633927,0.6930894746349534,0.010209259715906648,0.56,50,,COMPLETE
5,-4.755532811415165,2026-09-10 14:21:04.074304,2026-09-10 14:25:23.086647,0 days 00:04:19.012343,0.1698858237554259,-0.40741201930349324,0.1125621989144501,0.8739316550896339,0.002836107428959959,0.74,50,,COMPLETE
6,1.9999443457776795,2026-09-10 14:25:23.087647,2026-09-10 14:29:40.440637,0 days 00:04:17.352990,0.15968344329055204,-0.49622757404928086,0.031709286737350316,1.1591084298026666,0.019381376595342073,0.64,50,,COMPLETE
7,3.373895043484577,2026-09-10 14:29:40.441639,2026-09-10 14:34:09.669821,0 days 00:04:29.228182,0.20661481921067976,-0.3958013259417695,0.037580980521149096,0.9473864212097255,0.009922744887312825,0.56,50,,COMPLETE
8,1.9815656565656568,2026-09-10 14:34:09.670823,2026-09-10 14:38:41.066671,0 days 00:04:31.395848,0.27331191853894454,-0.7389808825776106,0.026189933800739314,1.1274563216630256,0.006658039668800305,0.5,50,,COMPLETE
9,0.27207174239356746,2026-09-10 14:38:41.068670,2026-09-10 14:42:55.303195,0 days 00:04:14.234525,0.20909887663129384,-0.46873885782300906,0.11361224381200596,0.8373682234746237,0.005327380199459487,0.68,50,,COMPLETE
10,-4.300462547777126,2026-09-10 14:42:55.304194,2026-09-10 14:46:41.079600,0 days 00:03:45.775406,0.29146456657647746,-0.490624607258348,0.07886598154932584,0.639032966585954,0.016055617358468374,0.82,50,"{""BOMB_USEFUL"": 0.29146456657647746, ""BOMB_WASTEFUL"": -0.490624607258348, ""CRATE"": 0.07886598154932584, ""SURVIVE"": 0.639032966585954, ""TRAP"": 0.016055617358468374}",COMPLETE
11,0.02265885455540584,2026-09-10 14:46:41.080609,2026-09-10 14:50:48.686400,0 days 00:04:07.605791,0.291989469188238,-0.4186930414788446,0.03479076803042326,0.9381047079578757,0.00872798095948538,0.7,50,"{""BOMB_USEFUL"": 0.291989469188238, ""BOMB_WASTEFUL"": -0.4186930414788446, ""CRATE"": 0.03479076803042326, ""SURVIVE"": 0.9381047079578757, ""TRAP"": 0.00872798095948538}",COMPLETE
12,5.877562984588847,2026-09-10 14:50:48.687726,2026-09-10 14:55:06.039329,0 days 00:04:17.351603,0.10726199683470822,-0.48030636089496415,0.12785163347342832,0.4111569608249476,0.013364085235891806,0.6,50,"{""BOMB_USEFUL"": 0.10726199683470822, ""BOMB_WASTEFUL"": -0.48030636089496415, ""CRATE"": 0.12785163347342832, ""SURVIVE"": 0.4111569608249476, ""TRAP"": 0.013364085235891806}",COMPLETE
13,-2.904206010946208,2026-09-10 14:55:06.040330,2026-09-10 14:58:52.956555,0 days 00:03:46.916225,0.10133113123141399,-0.4536588972504212,0.14577196825274003,0.42045125670899614,0.013542106457499507,0.8,50,"{""BOMB_USEFUL"": 0.10133113123141399, ""BOMB_WASTEFUL"": -0.4536588972504212, ""CRATE"": 0.14577196825274003, ""SURVIVE"": 0.42045125670899614, ""TRAP"": 0.013542106457499507}",COMPLETE
14,0.4401027077497659,2026-09-10 14:58:52.958558,2026-09-10 15:03:20.936509,0 days 00:04:27.977951,0.1327329654538776,-0.5452714503322352,0.0728481917356622,0.4682286521086334,0.012064257091371338,0.54,50,"{""BOMB_USEFUL"": 0.1327329654538776, ""BOMB_WASTEFUL"": -0.5452714503322352, ""CRATE"": 0.0728481917356622, ""SURVIVE"": 0.4682286521086334, ""TRAP"": 0.012064257091371338}",COMPLETE
15,4.478941937691937,2026-09-10 15:03:20.937508,2026-09-10 15:07:38.944509,0 days 00:04:18.007001,0.16663202942479483,-0.47884807898360304,0.1525558751357841,0.5723902730670648,0.017759244639521783,0.64,50,"{""BOMB_USEFUL"": 0.16663202942479483, ""BOMB_WASTEFUL"": -0.47884807898360304, ""CRATE"": 0.1525558751357841, ""SURVIVE"": 0.5723902730670648, ""TRAP"": 0.017759244639521783}",COMPLETE
16,4.282993565295797,2026-09-10 15:07:38.945512,2026-09-10 15:11:59.842504,0 days 00:04:20.896992,0.19344687553087936,-0.3084471344322256,0.11326864981957736,0.672177350772623,0.01637539142944919,0.6,50,"{""BOMB_USEFUL"": 0.19344687553087936, ""BOMB_WASTEFUL"": -0.3084471344322256, ""CRATE"": 0.11326864981957736, ""SURVIVE"": 0.672177350772623, ""TRAP"": 0.01637539142944919}",COMPLETE
17,1.6511751357098419,2026-09-10 15:11:59.843501,2026-09-10 15:16:04.672894,0 days 00:04:04.829393,0.14189289621812118,-0.3338262132033014,0.18296023699723446,0.5540302732449378,0.016827350755753704,0.7,50,"{""BOMB_USEFUL"": 0.14189289621812118, ""BOMB_WASTEFUL"": -0.3338262132033014, ""CRATE"": 0.18296023699723446, ""SURVIVE"": 0.5540302732449378, ""TRAP"": 0.016827350755753704}",COMPLETE
18,3.2077609304591412,2026-09-10 15:16:04.674891,2026-09-10 15:20:25.924626,0 days 00:04:21.249735,0.20439200161392518,-0.5109792384696893,0.06834902201811965,0.6925599735647906,0.01633691847969837,0.64,50,"{""BOMB_USEFUL"": 0.20439200161392518, ""BOMB_WASTEFUL"": -0.5109792384696893, ""CRATE"": 0.06834902201811965, ""SURVIVE"": 0.6925599735647906, ""TRAP"": 0.01633691847969837}",COMPLETE
19,5.110042788665977,2026-09-10 15:20:25.926632,2026-09-10 15:24:52.562450,0 days 00:04:26.635818,0.12342810298654006,-0.353521974836806,0.14221547938098486,0.6332966912385187,0.01288385286247612,0.58,50,"{""BOMB_USEFUL"": 0.12342810298654006, ""BOMB_WASTEFUL"": -0.353521974836806, ""CRATE"": 0.14221547938098486, ""SURVIVE"": 0.6332966912385187, ""TRAP"": 0.01288385286247612}",COMPLETE
