number,value,datetime_start,datetime_complete,duration,params_BOMB_USEFUL,params_BOMB_WASTEFUL,params_CRATE,params_MOVED_TO_SAFETY,params_SURVIVE,params_TRAP,user_attrs_death_rate,user_attrs_n_episodes,system_attrs_fixed_params,system_attrs_tpe:relative_params:0,state
0,5.490847148198592,2026-09-19 21:39:00.126257,2026-09-19 21:59:00.661355,0 days 00:20:00.535098,0.207,-0.395,0.047,0.16236203565420876,0.947,0.0099,0.66,500,"{'BOMB_WASTEFUL': -0.395, 'BOMB_USEFUL': 0.207, 'CRATE': 0.047, 'SURVIVE': 0.947, 'TRAP': 0.0099}",,COMPLETE
1,11.764614458222525,2026-09-19 21:59:00.661355,2026-09-19 22:20:11.899775,0 days 00:21:11.238420,0.35619787963399174,-0.32464284679504196,0.03780093202212183,0.22959754525911097,0.8311989040672406,0.0030455050190275907,0.61,500,,,COMPLETE
2,5.812867940586441,2026-09-19 22:20:11.899775,2026-09-19 22:40:38.700667,0 days 00:20:26.800892,0.3103902541101231,-0.36691192711253245,0.03102922471479012,0.26242177333881367,0.9939819704323989,0.016983967534407594,0.634,500,,,COMPLETE
3,1.1611111111111114,2026-09-19 22:40:38.700667,2026-09-19 23:01:26.865942,0 days 00:20:48.165275,0.16363873852248523,-0.693830444660862,0.045212112147976886,0.10502135295603016,0.9049512863264476,0.009775010335558085,0.606,500,,,COMPLETE
4,0.6501082251082266,2026-09-19 23:01:26.870314,2026-09-19 23:22:47.999994,0 days 00:21:21.129680,0.3141485131528328,-0.654385429900979,0.04460723242676091,0.09184815819561255,0.8732723686587384,0.010209259715906648,0.586,500,,,COMPLETE
5,7.3718586557426065,2026-09-19 23:22:47.999994,2026-09-19 23:43:56.347381,0 days 00:21:08.347387,0.1698858237554259,-0.40741201930349324,0.05962072844310212,0.20427033152408347,0.8092900825439996,0.012935807334225892,0.612,500,,,COMPLETE
6,6.199138306442116,2026-09-19 23:43:56.347381,2026-09-20 00:04:47.742548,0 days 00:20:51.395167,0.12276805754484783,-0.7147379381563543,0.07828160165372797,0.33466566117599994,0.9616794696232922,0.007483047845120673,0.65,500,,,COMPLETE
7,3.5782717282717265,2026-09-20 00:04:47.743557,2026-09-20 00:27:26.259850,0 days 00:22:38.516293,0.33948155927925494,-0.7511639429968081,0.03610191174223894,0.1820457481218804,0.8990353820222541,0.002618993380073931,0.59,500,,,COMPLETE
8,7.088964559379097,2026-09-20 00:27:26.263877,2026-09-20 00:53:41.101839,0 days 00:26:14.837962,0.19057299356000593,-0.345339798960609,0.04558555380447055,0.2487566853061946,0.9040136042355622,0.011840785028179035,0.616,500,,,COMPLETE
9,5.355774456398024,2026-09-20 00:53:41.103602,2026-09-20 01:19:51.478503,0 days 00:26:10.374901,0.4393546197175955,-0.7075727722372365,0.07697494707820945,0.28253984700833434,0.9789654700855298,0.012762199618599535,0.642,500,,,COMPLETE
10,5.50126564925365,2026-09-20 01:19:51.480499,2026-09-20 01:45:05.600775,0 days 00:25:14.120276,0.3801666741797869,-0.6342250094385715,0.03340067535579669,0.27434114562606243,0.8460041740590039,0.006496874484607977,0.606,500,,"{""BOMB_USEFUL"": 0.3801666741797869, ""BOMB_WASTEFUL"": -0.6342250094385715, ""CRATE"": 0.03340067535579669, ""MOVED_TO_SAFETY"": 0.27434114562606243, ""SURVIVE"": 0.8460041740590039, ""TRAP"": 0.006496874484607977}",COMPLETE
11,10.264816321137967,2026-09-20 01:45:05.602783,2026-09-20 02:05:55.834352,0 days 00:20:50.231569,0.25683911758071776,-0.32746850100860997,0.04261410284191241,0.2619460340564401,0.8040698071523396,0.011550784477649784,0.672,500,,"{""BOMB_USEFUL"": 0.25683911758071776, ""BOMB_WASTEFUL"": -0.32746850100860997, ""CRATE"": 0.04261410284191241, ""MOVED_TO_SAFETY"": 0.2619460340564401, ""SURVIVE"": 0.8040698071523396, ""TRAP"": 0.011550784477649784}",COMPLETE
12,7.499002540436869,2026-09-20 02:05:55.836367,2026-09-20 02:26:57.083077,0 days 00:21:01.246710,0.23454108322743591,-0.33574644352242716,0.04707408615688293,0.3064420348392947,0.8485569172225498,0.01782549184887457,0.648,500,,"{""BOMB_USEFUL"": 0.23454108322743591, ""BOMB_WASTEFUL"": -0.33574644352242716, ""CRATE"": 0.04707408615688293, ""MOVED_TO_SAFETY"": 0.3064420348392947, ""SURVIVE"": 0.8485569172225498, ""TRAP"": 0.01782549184887457}",COMPLETE
13,1.23865770282878,2026-09-20 02:26:57.083077,2026-09-20 02:48:35.003270,0 days 00:21:37.920193,0.3277396448332151,-0.3453073498152917,0.04486067718848074,0.19426140305212214,0.8553254601731659,0.010197391158464488,0.63,500,,"{""BOMB_USEFUL"": 0.3277396448332151, ""BOMB_WASTEFUL"": -0.3453073498152917, ""CRATE"": 0.04486067718848074, ""MOVED_TO_SAFETY"": 0.19426140305212214, ""SURVIVE"": 0.8553254601731659, ""TRAP"": 0.010197391158464488}",COMPLETE
14,8.478118345188413,2026-09-20 02:48:35.003270,2026-09-20 03:10:08.107928,0 days 00:21:33.104658,0.31692028786533805,-0.39477994126553634,0.05827178251326065,0.26509552589940666,0.8368233129718555,0.013246547047951415,0.648,500,,"{""BOMB_USEFUL"": 0.31692028786533805, ""BOMB_WASTEFUL"": -0.39477994126553634, ""CRATE"": 0.05827178251326065, ""MOVED_TO_SAFETY"": 0.26509552589940666, ""SURVIVE"": 0.8368233129718555, ""TRAP"": 0.013246547047951415}",COMPLETE
15,10.248705637670334,2026-09-20 03:10:08.107928,2026-09-20 03:31:37.357596,0 days 00:21:29.249668,0.41227529450940475,-0.33091292511028797,0.03724407805461922,0.1825516627474153,0.8284431473209029,0.004776674323328276,0.67,500,,"{""BOMB_USEFUL"": 0.41227529450940475, ""BOMB_WASTEFUL"": -0.33091292511028797, ""CRATE"": 0.03724407805461922, ""MOVED_TO_SAFETY"": 0.1825516627474153, ""SURVIVE"": 0.8284431473209029, ""TRAP"": 0.004776674323328276}",COMPLETE
16,7.314315507529793,2026-09-20 03:31:37.357596,2026-09-20 03:54:11.573058,0 days 00:22:34.215462,0.2704760778458917,-0.3423863611312211,0.050384124799590854,0.34685180985190006,0.8361724347851687,0.010760535717209484,0.65,500,,"{""BOMB_USEFUL"": 0.2704760778458917, ""BOMB_WASTEFUL"": -0.3423863611312211, ""CRATE"": 0.050384124799590854, ""MOVED_TO_SAFETY"": 0.34685180985190006, ""SURVIVE"": 0.8361724347851687, ""TRAP"": 0.010760535717209484}",COMPLETE
17,9.67052645720668,2026-09-20 03:54:11.575069,2026-09-20 04:15:15.973415,0 days 00:21:04.398346,0.24865199460711226,-0.32472694737632035,0.03665737227376121,0.1933344915862579,0.8331098776345862,0.004571757502285327,0.65,500,,"{""BOMB_USEFUL"": 0.24865199460711226, ""BOMB_WASTEFUL"": -0.32472694737632035, ""CRATE"": 0.03665737227376121, ""MOVED_TO_SAFETY"": 0.1933344915862579, ""SURVIVE"": 0.8331098776345862, ""TRAP"": 0.004571757502285327}",COMPLETE
18,3.6338378357775003,2026-09-20 04:15:15.973415,2026-09-20 04:36:05.362329,0 days 00:20:49.388914,0.2960355396566193,-0.32401819315157404,0.04644289672159508,0.25699032842971714,0.8125351215490481,0.006571913751401109,0.636,500,,"{""BOMB_USEFUL"": 0.2960355396566193, ""BOMB_WASTEFUL"": -0.32401819315157404, ""CRATE"": 0.04644289672159508, ""MOVED_TO_SAFETY"": 0.25699032842971714, ""SURVIVE"": 0.8125351215490481, ""TRAP"": 0.006571913751401109}",COMPLETE
19,8.660944306589467,2026-09-20 04:36:05.362329,2026-09-20 04:57:26.409002,0 days 00:21:21.046673,0.2699013247237725,-0.37246564457953557,0.035675966782559985,0.16558442973082985,0.8039432401737291,0.012485869598435437,0.626,500,,"{""BOMB_USEFUL"": 0.2699013247237725, ""BOMB_WASTEFUL"": -0.37246564457953557, ""CRATE"": 0.035675966782559985, ""MOVED_TO_SAFETY"": 0.16558442973082985, ""SURVIVE"": 0.8039432401737291, ""TRAP"": 0.012485869598435437}",COMPLETE
